#
# A fatal error has been detected by the Java Runtime Environment:
#
#  EXCEPTION_ACCESS_VIOLATION (0xc0000005) at pc=0x000000006a304620, pid=4520, tid=3960
#
# JRE version: Java(TM) SE Runtime Environment (8.0_31-b13) (build 1.8.0_31-b13)
# Java VM: Java HotSpot(TM) 64-Bit Server VM (25.31-b07 mixed mode windows-amd64 compressed oops)
# Problematic frame:
# V  [jvm.dll+0x24620]
#
# Failed to write core dump. Minidumps are not enabled by default on client versions of Windows
#
# If you would like to submit a bug report, please visit:
#   http://bugreport.java.com/bugreport/crash.jsp
#

---------------  T H R E A D  ---------------

Current thread (0x0000000059332800):  JavaThread "Daemon worker Thread 3" [_thread_in_Java, id=3960, stack(0x000000005d200000,0x000000005d300000)]

siginfo: ExceptionCode=0xc0000005, reading address 0x0000000000000000

Registers:
RAX=0x0000000000000003, RBX=0x000000005d2fc3c0, RCX=0x0000000000000000, RDX=0x00000000f378a6a0
RSP=0x000000005d2fc368, RBP=0x000000005d2fc448, RSI=0x000000005d2fc458, RDI=0x000000006a8c63d8
R8 =0x00000000a024cac0, R9 =0x00000000a04f40a0, R10=0x00000000f378a6a0, R11=0x0000000002997a80
R12=0x00000000a04961a0, R13=0x00000000a024caf8, R14=0x0000000000000001, R15=0x0000000059332800
RIP=0x000000006a304620, EFLAGS=0x0000000000010206

Top of Stack: (sp=0x000000005d2fc368)
0x000000005d2fc368:   000000006a4fefa1 000000005d2fc458
0x000000005d2fc378:   000000005d2fc3c0 000000005d2fc448
0x000000005d2fc388:   000000006a40ea17 0000000000000000
0x000000005d2fc398:   0000000059332800 000000005d2fc440
0x000000005d2fc3a8:   0000000059332800 0000000063ee6f60
0x000000005d2fc3b8:   0000000059332800 0000000063ee6f60
0x000000005d2fc3c8:   0000000059332800 00000000f39f8b60
0x000000005d2fc3d8:   000000000291200c 0000000063ee6f60
0x000000005d2fc3e8:   0000000000000000 000000005d2fc489
0x000000005d2fc3f8:   000000006a38c298 000000005c7b4d60
0x000000005d2fc408:   00000000f378aa60 00000000f378a790
0x000000005d2fc418:   00000000f39f8b60 00000000ffffffff
0x000000005d2fc428:   0000000000000000 000000005d2fc580
0x000000005d2fc438:   0000000004940044 0000000000000000
0x000000005d2fc448:   0000000063ee6f60 0000000059332800
0x000000005d2fc458:   0000000063ee6f60 0000000059332800 

Instructions: (pc=0x000000006a304620)
0x000000006a304600:   48 0f 44 c7 48 89 43 58 48 8b 5c 24 30 48 83 c4
0x000000006a304610:   20 5f c3 cc cc cc cc cc cc cc cc cc cc cc cc cc
0x000000006a304620:   4c 8b 11 4d 85 d2 74 65 48 8b 41 08 4c 8b 88 30
0x000000006a304630:   01 00 00 45 8b 01 41 ff c8 49 63 d0 78 19 49 8b 


Register to memory mapping:

RAX=0x0000000000000003 is an unknown value
RBX=0x000000005d2fc3c0 is pointing into the stack for thread: 0x0000000059332800
RCX=0x0000000000000000 is an unknown value
RDX=0x00000000f378a6a0 is an oop
com.android.build.gradle.internal.dependency.DependencyGraph$$Lambda$414/953590050 
 - klass: 'com/android/build/gradle/internal/dependency/DependencyGraph$$Lambda$414'
RSP=0x000000005d2fc368 is pointing into the stack for thread: 0x0000000059332800
RBP=0x000000005d2fc448 is pointing into the stack for thread: 0x0000000059332800
RSI=0x000000005d2fc458 is pointing into the stack for thread: 0x0000000059332800
RDI=0x000000006a8c63d8 is an unknown value
R8 =0x00000000a024cac0 is an oop
java.lang.invoke.MemberName 
 - klass: 'java/lang/invoke/MemberName'
R9 =0x00000000a04f40a0 is an oop
java.lang.invoke.MemberName 
 - klass: 'java/lang/invoke/MemberName'
R10=0x00000000f378a6a0 is an oop
com.android.build.gradle.internal.dependency.DependencyGraph$$Lambda$414/953590050 
 - klass: 'com/android/build/gradle/internal/dependency/DependencyGraph$$Lambda$414'
R11=0x0000000002997a80 is at entry_point+0 in (nmethod*)0x0000000002997950
R12=0x00000000a04961a0 is an oop
java.lang.invoke.DirectMethodHandle 
 - klass: 'java/lang/invoke/DirectMethodHandle'
R13=0x00000000a024caf8 is an oop
java.lang.invoke.DirectMethodHandle 
 - klass: 'java/lang/invoke/DirectMethodHandle'
R14=0x0000000000000001 is an unknown value
R15=0x0000000059332800 is a thread


Stack: [0x000000005d200000,0x000000005d300000],  sp=0x000000005d2fc368,  free space=1008k
Native frames: (J=compiled Java code, j=interpreted, Vv=VM code, C=native code)
V  [jvm.dll+0x24620]


---------------  P R O C E S S  ---------------

Java Threads: ( => current thread )
  0x0000000059335800 JavaThread "Stdin handler" [_thread_blocked, id=5156, stack(0x000000005f2c0000,0x000000005f3c0000)]
  0x0000000059332000 JavaThread "Asynchronous log dispatcher for DefaultDaemonConnection: socket connection from /127.0.0.1:1297 to /127.0.0.1:5039" [_thread_blocked, id=2516, stack(0x000000005e580000,0x000000005e680000)]
=>0x0000000059332800 JavaThread "Daemon worker Thread 3" [_thread_in_Java, id=3960, stack(0x000000005d200000,0x000000005d300000)]
  0x000000005932f800 JavaThread "Cancel handler" [_thread_blocked, id=5352, stack(0x000000005ac20000,0x000000005ad20000)]
  0x0000000059330800 JavaThread "Handler for socket connection from /127.0.0.1:1297 to /127.0.0.1:5039" [_thread_in_native, id=6948, stack(0x000000005aa00000,0x000000005ab00000)]
  0x000000005932f000 JavaThread "Daemon Thread 3" [_thread_blocked, id=2976, stack(0x000000005a8a0000,0x000000005a9a0000)]
  0x0000000059333800 JavaThread "File lock request listener" [_thread_in_native, id=3936, stack(0x000000005d070000,0x000000005d170000)]
  0x000000005932e000 JavaThread "Incoming local TCP Connector on port 1297" [_thread_in_native, id=2844, stack(0x000000005a2e0000,0x000000005a3e0000)]
  0x000000005932d000 JavaThread "pool-1-thread-1" [_thread_blocked, id=4348, stack(0x0000000059fd0000,0x000000005a0d0000)]
  0x0000000057988000 JavaThread "Service Thread" daemon [_thread_blocked, id=3004, stack(0x0000000057f20000,0x0000000058020000)]
  0x0000000057917800 JavaThread "C1 CompilerThread2" daemon [_thread_blocked, id=3968, stack(0x0000000058370000,0x0000000058470000)]
  0x0000000057916000 JavaThread "C2 CompilerThread1" daemon [_thread_blocked, id=1648, stack(0x0000000058260000,0x0000000058360000)]
  0x000000005655a000 JavaThread "C2 CompilerThread0" daemon [_thread_blocked, id=3892, stack(0x0000000058150000,0x0000000058250000)]
  0x000000005790a800 JavaThread "Attach Listener" daemon [_thread_blocked, id=3024, stack(0x0000000058020000,0x0000000058120000)]
  0x000000005654b000 JavaThread "Signal Dispatcher" daemon [_thread_blocked, id=4624, stack(0x0000000057da0000,0x0000000057ea0000)]
  0x00000000564f5800 JavaThread "Finalizer" daemon [_thread_blocked, id=4244, stack(0x0000000057660000,0x0000000057760000)]
  0x00000000564ec800 JavaThread "Reference Handler" daemon [_thread_blocked, id=4048, stack(0x0000000057800000,0x0000000057900000)]
  0x000000000263e800 JavaThread "main" [_thread_blocked, id=1988, stack(0x0000000002660000,0x0000000002760000)]

Other Threads:
  0x00000000564e9000 VMThread [stack: 0x0000000057560000,0x0000000057660000] [id=1536]
  0x000000005798d800 WatcherThread [stack: 0x0000000057460000,0x0000000057560000] [id=1100]

VM state:not at safepoint (normal execution)

VM Mutex/Monitor currently owned by a thread: None

Heap:
 PSYoungGen      total 478720K, used 323095K [0x00000000e0000000, 0x0000000100000000, 0x0000000100000000)
  eden space 434176K, 74% used [0x00000000e0000000,0x00000000f3b14c98,0x00000000fa800000)
  from space 44544K, 1% used [0x00000000fd380000,0x00000000fd3f1130,0x00000000fff00000)
  to   space 44544K, 0% used [0x00000000fa800000,0x00000000fa800000,0x00000000fd380000)
 ParOldGen       total 124416K, used 102011K [0x00000000a0000000, 0x00000000a7980000, 0x00000000e0000000)
  object space 124416K, 81% used [0x00000000a0000000,0x00000000a639ece8,0x00000000a7980000)
 Metaspace       used 72972K, capacity 76404K, committed 76760K, reserved 1116160K
  class space    used 9970K, capacity 10671K, committed 10752K, reserved 1048576K

Card table byte_map: [0x0000000011b20000,0x0000000011e30000] byte_map_base: 0x0000000011620000

Marking Bits: (ParMarkBitMap*) 0x000000006aabd4f0
 Begin Bits: [0x0000000012860000, 0x0000000014060000)
 End Bits:   [0x0000000014060000, 0x0000000015860000)

Polling page: 0x00000000006c0000

CodeCache: size=245760Kb used=23530Kb max_used=34809Kb free=222229Kb
 bounds [0x0000000002760000, 0x0000000004990000, 0x0000000011760000]
 total_blobs=8122 nmethods=7321 adapters=712
 compilation: enabled

Compilation events (10 events):
Event: 5141.606 Thread 0x0000000057917800 18396       1       java.lang.invoke.InfoFromMemberName::getReferenceKind (5 bytes)
Event: 5141.606 Thread 0x0000000057917800 nmethod 18396 0x000000000307a590 code [0x000000000307a6e0, 0x000000000307a7f0]
Event: 5141.606 Thread 0x0000000057917800 18453       1       com.google.common.collect.RegularImmutableList::size (5 bytes)
Event: 5141.606 Thread 0x0000000057917800 nmethod 18453 0x000000000307a2d0 code [0x000000000307a420, 0x000000000307a530]
Event: 5141.606 Thread 0x0000000057917800 18421       1       org.gradle.api.internal.artifacts.ivyservice.ivyresolve.DynamicVersionResolver::access$400 (5 bytes)
Event: 5141.606 Thread 0x0000000057917800 nmethod 18421 0x000000000307a010 code [0x000000000307a160, 0x000000000307a250]
Event: 5141.606 Thread 0x0000000057917800 18422       1       org.gradle.internal.resolve.result.DefaultBuildableComponentSelectionResult::getState (5 bytes)
Event: 5141.606 Thread 0x0000000057917800 nmethod 18422 0x0000000003079d50 code [0x0000000003079ea0, 0x0000000003079fb0]
Event: 5141.606 Thread 0x0000000057917800 18442       1       org.gradle.internal.component.local.model.DefaultLocalComponentMetadata::access$300 (5 bytes)
Event: 5141.606 Thread 0x0000000057917800 nmethod 18442 0x0000000003079a90 code [0x0000000003079be0, 0x0000000003079cd0]

GC Heap History (10 events):
Event: 3077.672 GC heap before
{Heap before GC invocations=13 (full 3):
 PSYoungGen      total 317952K, used 286208K [0x00000000e0000000, 0x00000000fe980000, 0x0000000100000000)
  eden space 286208K, 100% used [0x00000000e0000000,0x00000000f1780000,0x00000000f1780000)
  from space 31744K, 0% used [0x00000000f1780000,0x00000000f1780000,0x00000000f3680000)
  to   space 30720K, 0% used [0x00000000fcb80000,0x00000000fcb80000,0x00000000fe980000)
 ParOldGen       total 124416K, used 48326K [0x00000000a0000000, 0x00000000a7980000, 0x00000000e0000000)
  object space 124416K, 38% used [0x00000000a0000000,0x00000000a2f31a08,0x00000000a7980000)
 Metaspace       used 61407K, capacity 64052K, committed 64216K, reserved 1103872K
  class space    used 8370K, capacity 8947K, committed 8960K, reserved 1048576K
Event: 3077.691 GC heap after
Heap after GC invocations=13 (full 3):
 PSYoungGen      total 450048K, used 10338K [0x00000000e0000000, 0x00000000fdf00000, 0x0000000100000000)
  eden space 430080K, 0% used [0x00000000e0000000,0x00000000e0000000,0x00000000fa400000)
  from space 19968K, 51% used [0x00000000fcb80000,0x00000000fd598b10,0x00000000fdf00000)
  to   space 30208K, 0% used [0x00000000fa400000,0x00000000fa400000,0x00000000fc180000)
 ParOldGen       total 124416K, used 48326K [0x00000000a0000000, 0x00000000a7980000, 0x00000000e0000000)
  object space 124416K, 38% used [0x00000000a0000000,0x00000000a2f31a08,0x00000000a7980000)
 Metaspace       used 61407K, capacity 64052K, committed 64216K, reserved 1103872K
  class space    used 8370K, capacity 8947K, committed 8960K, reserved 1048576K
}
Event: 3098.793 GC heap before
{Heap before GC invocations=14 (full 3):
 PSYoungGen      total 450048K, used 439678K [0x00000000e0000000, 0x00000000fdf00000, 0x0000000100000000)
  eden space 430080K, 99% used [0x00000000e0000000,0x00000000fa347070,0x00000000fa400000)
  from space 19968K, 51% used [0x00000000fcb80000,0x00000000fd598b10,0x00000000fdf00000)
  to   space 30208K, 0% used [0x00000000fa400000,0x00000000fa400000,0x00000000fc180000)
 ParOldGen       total 124416K, used 48326K [0x00000000a0000000, 0x00000000a7980000, 0x00000000e0000000)
  object space 124416K, 38% used [0x00000000a0000000,0x00000000a2f31a08,0x00000000a7980000)
 Metaspace       used 64251K, capacity 67132K, committed 67160K, reserved 1107968K
  class space    used 8731K, capacity 9330K, committed 9344K, reserved 1048576K
Event: 3098.836 GC heap after
Heap after GC invocations=14 (full 3):
 PSYoungGen      total 460288K, used 30192K [0x00000000e0000000, 0x0000000100000000, 0x0000000100000000)
  eden space 430080K, 0% used [0x00000000e0000000,0x00000000e0000000,0x00000000fa400000)
  from space 30208K, 99% used [0x00000000fa400000,0x00000000fc17c318,0x00000000fc180000)
  to   space 46080K, 0% used [0x00000000fd300000,0x00000000fd300000,0x0000000100000000)
 ParOldGen       total 124416K, used 79546K [0x00000000a0000000, 0x00000000a7980000, 0x00000000e0000000)
  object space 124416K, 63% used [0x00000000a0000000,0x00000000a4daeb18,0x00000000a7980000)
 Metaspace       used 64251K, capacity 67132K, committed 67160K, reserved 1107968K
  class space    used 8731K, capacity 9330K, committed 9344K, reserved 1048576K
}
Event: 3099.601 GC heap before
{Heap before GC invocations=15 (full 3):
 PSYoungGen      total 460288K, used 459386K [0x00000000e0000000, 0x0000000100000000, 0x0000000100000000)
  eden space 430080K, 99% used [0x00000000e0000000,0x00000000fa322580,0x00000000fa400000)
  from space 30208K, 99% used [0x00000000fa400000,0x00000000fc17c318,0x00000000fc180000)
  to   space 46080K, 0% used [0x00000000fd300000,0x00000000fd300000,0x0000000100000000)
 ParOldGen       total 124416K, used 79546K [0x00000000a0000000, 0x00000000a7980000, 0x00000000e0000000)
  object space 124416K, 63% used [0x00000000a0000000,0x00000000a4daeb18,0x00000000a7980000)
 Metaspace       used 64969K, capacity 67862K, committed 68056K, reserved 1107968K
  class space    used 8843K, capacity 9441K, committed 9472K, reserved 1048576K
Event: 3099.621 GC heap after
Heap after GC invocations=15 (full 3):
 PSYoungGen      total 480256K, used 13481K [0x00000000e0000000, 0x0000000100000000, 0x0000000100000000)
  eden space 434176K, 0% used [0x00000000e0000000,0x00000000e0000000,0x00000000fa800000)
  from space 46080K, 29% used [0x00000000fd300000,0x00000000fe02a6f8,0x0000000100000000)
  to   space 44032K, 0% used [0x00000000fa800000,0x00000000fa800000,0x00000000fd300000)
 ParOldGen       total 124416K, used 94063K [0x00000000a0000000, 0x00000000a7980000, 0x00000000e0000000)
  object space 124416K, 75% used [0x00000000a0000000,0x00000000a5bdbe20,0x00000000a7980000)
 Metaspace       used 64969K, capacity 67862K, committed 68056K, reserved 1107968K
  class space    used 8843K, capacity 9441K, committed 9472K, reserved 1048576K
}
Event: 3099.712 GC heap before
{Heap before GC invocations=16 (full 3):
 PSYoungGen      total 480256K, used 447264K [0x00000000e0000000, 0x0000000100000000, 0x0000000100000000)
  eden space 434176K, 99% used [0x00000000e0000000,0x00000000fa79da20,0x00000000fa800000)
  from space 46080K, 29% used [0x00000000fd300000,0x00000000fe02a6f8,0x0000000100000000)
  to   space 44032K, 0% used [0x00000000fa800000,0x00000000fa800000,0x00000000fd300000)
 ParOldGen       total 124416K, used 94063K [0x00000000a0000000, 0x00000000a7980000, 0x00000000e0000000)
  object space 124416K, 75% used [0x00000000a0000000,0x00000000a5bdbe20,0x00000000a7980000)
 Metaspace       used 64976K, capacity 67862K, committed 68056K, reserved 1107968K
  class space    used 8843K, capacity 9441K, committed 9472K, reserved 1048576K
Event: 3099.727 GC heap after
Heap after GC invocations=16 (full 3):
 PSYoungGen      total 478208K, used 128K [0x00000000e0000000, 0x00000000fff00000, 0x0000000100000000)
  eden space 434176K, 0% used [0x00000000e0000000,0x00000000e0000000,0x00000000fa800000)
  from space 44032K, 0% used [0x00000000fa800000,0x00000000fa820000,0x00000000fd300000)
  to   space 44544K, 0% used [0x00000000fd380000,0x00000000fd380000,0x00000000fff00000)
 ParOldGen       total 124416K, used 101971K [0x00000000a0000000, 0x00000000a7980000, 0x00000000e0000000)
  object space 124416K, 81% used [0x00000000a0000000,0x00000000a6394ce8,0x00000000a7980000)
 Metaspace       used 64976K, capacity 67862K, committed 68056K, reserved 1107968K
  class space    used 8843K, capacity 9441K, committed 9472K, reserved 1048576K
}
Event: 3100.084 GC heap before
{Heap before GC invocations=17 (full 3):
 PSYoungGen      total 478208K, used 434304K [0x00000000e0000000, 0x00000000fff00000, 0x0000000100000000)
  eden space 434176K, 100% used [0x00000000e0000000,0x00000000fa800000,0x00000000fa800000)
  from space 44032K, 0% used [0x00000000fa800000,0x00000000fa820000,0x00000000fd300000)
  to   space 44544K, 0% used [0x00000000fd380000,0x00000000fd380000,0x00000000fff00000)
 ParOldGen       total 124416K, used 101971K [0x00000000a0000000, 0x00000000a7980000, 0x00000000e0000000)
  object space 124416K, 81% used [0x00000000a0000000,0x00000000a6394ce8,0x00000000a7980000)
 Metaspace       used 65106K, capacity 68060K, committed 68184K, reserved 1107968K
  class space    used 8868K, capacity 9480K, committed 9600K, reserved 1048576K
Event: 3100.092 GC heap after
Heap after GC invocations=17 (full 3):
 PSYoungGen      total 478720K, used 452K [0x00000000e0000000, 0x0000000100000000, 0x0000000100000000)
  eden space 434176K, 0% used [0x00000000e0000000,0x00000000e0000000,0x00000000fa800000)
  from space 44544K, 1% used [0x00000000fd380000,0x00000000fd3f1130,0x00000000fff00000)
  to   space 44544K, 0% used [0x00000000fa800000,0x00000000fa800000,0x00000000fd380000)
 ParOldGen       total 124416K, used 102011K [0x00000000a0000000, 0x00000000a7980000, 0x00000000e0000000)
  object space 124416K, 81% used [0x00000000a0000000,0x00000000a639ece8,0x00000000a7980000)
 Metaspace       used 65106K, capacity 68060K, committed 68184K, reserved 1107968K
  class space    used 8868K, capacity 9480K, committed 9600K, reserved 1048576K
}

Deoptimization events (10 events):
Event: 3099.849 Thread 0x0000000059330800 Uncommon trap: reason=bimorphic action=maybe_recompile pc=0x00000000046e11fc method=sun.security.provider.DigestBase.engineUpdate([BII)V @ 128
Event: 3099.867 Thread 0x0000000059330800 Uncommon trap: reason=bimorphic action=maybe_recompile pc=0x00000000046e11fc method=sun.security.provider.DigestBase.engineUpdate([BII)V @ 128
Event: 3099.875 Thread 0x0000000059330800 Uncommon trap: reason=bimorphic action=maybe_recompile pc=0x00000000046e11fc method=sun.security.provider.DigestBase.engineUpdate([BII)V @ 128
Event: 3099.882 Thread 0x0000000059330800 Uncommon trap: reason=bimorphic action=maybe_recompile pc=0x00000000046e11fc method=sun.security.provider.DigestBase.engineUpdate([BII)V @ 128
Event: 3100.030 Thread 0x0000000059330800 Uncommon trap: reason=predicate action=maybe_recompile pc=0x0000000002a6bc94 method=com.google.common.io.ByteStreams.copy(Ljava/io/InputStream;Ljava/io/OutputStream;)J @ 34
Event: 3100.083 Thread 0x0000000059330800 Uncommon trap: reason=unreached action=reinterpret pc=0x00000000045dce58 method=java.util.concurrent.ConcurrentLinkedQueue.poll()Ljava/lang/Object; @ 41
Event: 3100.094 Thread 0x0000000059330800 Uncommon trap: reason=unreached action=reinterpret pc=0x00000000045a1338 method=java.util.concurrent.ConcurrentLinkedQueue.poll()Ljava/lang/Object; @ 41
Event: 5137.245 Thread 0x0000000059332800 Uncommon trap: reason=predicate action=maybe_recompile pc=0x0000000002bf3a4c method=java.util.ComparableTimSort.binarySort([Ljava/lang/Object;III)V @ 37
Event: 5138.392 Thread 0x0000000059332800 Uncommon trap: reason=predicate action=maybe_recompile pc=0x00000000029e3860 method=java.lang.Class.annotationData()Ljava/lang/Class$AnnotationData; @ 0
Event: 5140.095 Thread 0x0000000059332800 Uncommon trap: reason=class_check action=maybe_recompile pc=0x00000000047e53b0 method=com.google.common.cache.LocalCache$Segment.getLiveValue(Lcom/google/common/cache/LocalCache$ReferenceEntry;J)Ljava/lang/Object; @ 21

Internal exceptions (10 events):
Event: 5139.851 Thread 0x0000000059332800 Exception <a 'sun/nio/fs/WindowsException'> (0x00000000f2db75e0) thrown at [C:\workspace\8-2-build-windows-amd64-cygwin\jdk8u31\2394\hotspot\src\share\vm\prims\jni.cpp, line 716]
Event: 5139.980 Thread 0x0000000059332800 Exception <a 'java/security/PrivilegedActionException'> (0x00000000f3087da0) thrown at [C:\workspace\8-2-build-windows-amd64-cygwin\jdk8u31\2394\hotspot\src\share\vm\prims\jvm.cpp, line 1312]
Event: 5139.980 Thread 0x0000000059332800 Exception <a 'java/security/PrivilegedActionException'> (0x00000000f3089408) thrown at [C:\workspace\8-2-build-windows-amd64-cygwin\jdk8u31\2394\hotspot\src\share\vm\prims\jvm.cpp, line 1312]
Event: 5139.980 Thread 0x0000000059332800 Exception <a 'java/security/PrivilegedActionException'> (0x00000000f3093348) thrown at [C:\workspace\8-2-build-windows-amd64-cygwin\jdk8u31\2394\hotspot\src\share\vm\prims\jvm.cpp, line 1312]
Event: 5141.125 Thread 0x0000000059332800 Exception <a 'java/security/PrivilegedActionException'> (0x00000000f3212648) thrown at [C:\workspace\8-2-build-windows-amd64-cygwin\jdk8u31\2394\hotspot\src\share\vm\prims\jvm.cpp, line 1312]
Event: 5141.125 Thread 0x0000000059332800 Exception <a 'java/security/PrivilegedActionException'> (0x00000000f3213fd0) thrown at [C:\workspace\8-2-build-windows-amd64-cygwin\jdk8u31\2394\hotspot\src\share\vm\prims\jvm.cpp, line 1312]
Event: 5141.125 Thread 0x0000000059332800 Exception <a 'java/security/PrivilegedActionException'> (0x00000000f321e208) thrown at [C:\workspace\8-2-build-windows-amd64-cygwin\jdk8u31\2394\hotspot\src\share\vm\prims\jvm.cpp, line 1312]
Event: 5141.155 Thread 0x0000000059332800 Exception <a 'java/security/PrivilegedActionException'> (0x00000000f322ca40) thrown at [C:\workspace\8-2-build-windows-amd64-cygwin\jdk8u31\2394\hotspot\src\share\vm\prims\jvm.cpp, line 1312]
Event: 5141.155 Thread 0x0000000059332800 Exception <a 'java/security/PrivilegedActionException'> (0x00000000f322e110) thrown at [C:\workspace\8-2-build-windows-amd64-cygwin\jdk8u31\2394\hotspot\src\share\vm\prims\jvm.cpp, line 1312]
Event: 5141.155 Thread 0x0000000059332800 Exception <a 'java/security/PrivilegedActionException'> (0x00000000f3234498) thrown at [C:\workspace\8-2-build-windows-amd64-cygwin\jdk8u31\2394\hotspot\src\share\vm\prims\jvm.cpp, line 1312]

Events (10 events):
Event: 5141.569 loading class com/google/common/collect/ImmutableList$Builder
Event: 5141.569 loading class com/google/common/collect/ImmutableList$Builder done
Event: 5141.569 loading class com/google/common/collect/ImmutableList
Event: 5141.569 loading class com/google/common/collect/ImmutableList done
Event: 5141.569 loading class com/google/common/collect/ImmutableList$Builder
Event: 5141.569 loading class com/google/common/collect/ImmutableList$Builder done
Event: 5141.569 loading class com/android/builder/dependency/level2/Dependency
Event: 5141.569 loading class com/android/builder/dependency/level2/Dependency done
Event: 5141.569 loading class com/android/build/gradle/internal/dependency/FlatDependencyContainer
Event: 5141.569 loading class com/android/build/gradle/internal/dependency/FlatDependencyContainer done


Dynamic libraries:
0x000000013f070000 - 0x000000013f0a4000 	D:\softInstall\java\bin\java.exe
0x0000000076ed0000 - 0x000000007707a000 	C:\Windows\SYSTEM32\ntdll.dll
0x0000000076cb0000 - 0x0000000076dcf000 	C:\Windows\system32\kernel32.dll
0x000007fefccc0000 - 0x000007fefcd2a000 	C:\Windows\system32\KERNELBASE.dll
0x000007fefe090000 - 0x000007fefe16b000 	C:\Windows\system32\ADVAPI32.dll
0x000007fefeed0000 - 0x000007fefef6f000 	C:\Windows\system32\msvcrt.dll
0x000007fefe170000 - 0x000007fefe18f000 	C:\Windows\SYSTEM32\sechost.dll
0x000007fefd040000 - 0x000007fefd16d000 	C:\Windows\system32\RPCRT4.dll
0x0000000076dd0000 - 0x0000000076eca000 	C:\Windows\system32\USER32.dll
0x000007fefd1f0000 - 0x000007fefd257000 	C:\Windows\system32\GDI32.dll
0x000007fefe660000 - 0x000007fefe66e000 	C:\Windows\system32\LPK.dll
0x000007fefe590000 - 0x000007fefe659000 	C:\Windows\system32\USP10.dll
0x000007fefb410000 - 0x000007fefb604000 	C:\Windows\WinSxS\amd64_microsoft.windows.common-controls_6595b64144ccf1df_6.0.7601.18837_none_fa3b1e3d17594757\COMCTL32.dll
0x000007fefd170000 - 0x000007fefd1e1000 	C:\Windows\system32\SHLWAPI.dll
0x000007fefe9b0000 - 0x000007fefe9de000 	C:\Windows\system32\IMM32.DLL
0x000007fefe9e0000 - 0x000007fefeae9000 	C:\Windows\system32\MSCTF.dll
0x000000006d590000 - 0x000000006d662000 	D:\softInstall\java\jre\bin\msvcr100.dll
0x000000006a2e0000 - 0x000000006ab3a000 	D:\softInstall\java\jre\bin\server\jvm.dll
0x000007feea220000 - 0x000007feea229000 	C:\Windows\system32\WSOCK32.dll
0x000007fefecd0000 - 0x000007fefed1d000 	C:\Windows\system32\WS2_32.dll
0x000007fefe190000 - 0x000007fefe198000 	C:\Windows\system32\NSI.dll
0x000007fefae20000 - 0x000007fefae5b000 	C:\Windows\system32\WINMM.dll
0x0000000077090000 - 0x0000000077097000 	C:\Windows\system32\PSAPI.DLL
0x00000000724f0000 - 0x00000000724ff000 	D:\softInstall\java\jre\bin\verify.dll
0x000000006dad0000 - 0x000000006daf8000 	D:\softInstall\java\jre\bin\java.dll
0x000000006d570000 - 0x000000006d586000 	D:\softInstall\java\jre\bin\zip.dll
0x000007fefd260000 - 0x000007fefdfea000 	C:\Windows\system32\SHELL32.dll
0x000007fefefd0000 - 0x000007feff1d3000 	C:\Windows\system32\ole32.dll
0x000007fefcc80000 - 0x000007fefcc8f000 	C:\Windows\system32\profapi.dll
0x000000006d550000 - 0x000000006d56a000 	D:\softInstall\java\jre\bin\net.dll
0x000007fefc400000 - 0x000007fefc455000 	C:\Windows\system32\mswsock.dll
0x000007fefc3f0000 - 0x000007fefc3f7000 	C:\Windows\System32\wship6.dll
0x000000006d530000 - 0x000000006d541000 	D:\softInstall\java\jre\bin\nio.dll
0x000007fef70d0000 - 0x000007fef70ee000 	C:\Users\Administrator\.gradle\native\23\windows-amd64\native-platform.dll
0x000007fefc460000 - 0x000007fefc477000 	C:\Windows\system32\CRYPTSP.dll
0x000007fefc160000 - 0x000007fefc1a7000 	C:\Windows\system32\rsaenh.dll
0x000007fefcf30000 - 0x000007fefcf4e000 	C:\Windows\system32\USERENV.dll
0x000007fefcb20000 - 0x000007fefcb2f000 	C:\Windows\system32\CRYPTBASE.dll
0x000007fefacd0000 - 0x000007fefacf7000 	C:\Windows\system32\IPHLPAPI.DLL
0x000007fefacb0000 - 0x000007fefacbb000 	C:\Windows\system32\WINNSI.DLL
0x000007fefaac0000 - 0x000007fefaad1000 	C:\Windows\system32\dhcpcsvc6.DLL
0x000007fefaaa0000 - 0x000007fefaab8000 	C:\Windows\system32\dhcpcsvc.DLL
0x0000000070fb0000 - 0x0000000070fbd000 	D:\softInstall\java\jre\bin\management.dll
0x000007fefcac0000 - 0x000007fefcb17000 	C:\Windows\system32\apphelp.dll
0x0000000069ae0000 - 0x0000000069b04000 	D:\softInstall\java\jre\bin\sunec.dll
0x000007fefbe00000 - 0x000007fefbe07000 	C:\Windows\System32\wshtcpip.dll
0x000007fefc280000 - 0x000007fefc2db000 	C:\Windows\system32\DNSAPI.dll
0x000007fef8f20000 - 0x000007fef8f28000 	C:\Windows\system32\rasadhlp.dll
0x000007fefab60000 - 0x000007fefabb3000 	C:\Windows\System32\fwpuclnt.dll
0x000007fefb310000 - 0x000007fefb325000 	C:\Windows\system32\NLAapi.dll
0x000007fef9110000 - 0x000007fef9125000 	C:\Windows\system32\napinsp.dll
0x000007fef90f0000 - 0x000007fef9109000 	C:\Windows\system32\pnrpnsp.dll
0x000007fef90e0000 - 0x000007fef90eb000 	C:\Windows\System32\winrnr.dll
0x0000000070fd0000 - 0x0000000070fd9000 	D:\softInstall\java\jre\bin\attach.dll
0x000000006d2c0000 - 0x000000006d2e3000 	D:\softInstall\java\jre\bin\instrument.dll
0x000007fef9220000 - 0x000007fef9345000 	C:\Windows\system32\dbghelp.dll

VM Arguments:
jvm_args: -Xmx1536m -Dfile.encoding=GBK -Duser.country=CN -Duser.language=zh -Duser.variant 
java_command: org.gradle.launcher.daemon.bootstrap.GradleDaemon 3.3
java_class_path (initial): C:\Users\Administrator\.gradle\wrapper\dists\gradle-3.3-all\55gk2rcmfc6p2dg9u9ohc3hw9\gradle-3.3\lib\gradle-launcher-3.3.jar
Launcher Type: SUN_STANDARD

Environment Variables:
JAVA_HOME=D:\softInstall\java
CLASSPATH=;D:\softInstall\java\lib\dt.jar;D:\softInstall\java\lib\tools.jar;
PATH=D:\softInstall\java\bin;D:\softInstall\java\jre\bin;C:\ProgramData\Oracle\Java\javapath;C:\Windows\system32;C:\Windows;C:\Windows\System32\Wbem;C:\Windows\System32\WindowsPowerShell\v1.0\;C:\Program Files\TortoiseSVN\bin;D:\Android\sdk\platform-tools;D:\softInstall\ERLang\erl8.3\bin\erl.exe;%RABBITMQ_SERVER%\sbin;D:\softInstall\mysql-5.6.24-winx64\bin;C:\Program Files (x86)\IDM Computer Solutions\UltraEdit;C:\Program Files\IDM Computer Solutions\UltraCompare;D:\oldPC\soft\ndk\android_ndk_r10b;D:\oldPC\oldPC\ffmpeg\bin\;D:\softInstall\java\bin;D:\gradle\gradle-3.5\bin
USERNAME=Administrator
OS=Windows_NT
PROCESSOR_IDENTIFIER=Intel64 Family 6 Model 60 Stepping 3, GenuineIntel



---------------  S Y S T E M  ---------------

OS: Windows 7 , 64 bit Build 7601 Service Pack 1

CPU:total 4 (4 cores per cpu, 1 threads per core) family 6 model 60 stepping 3, cmov, cx8, fxsr, mmx, sse, sse2, sse3, ssse3, sse4.1, sse4.2, popcnt, avx, avx2, aes, clmul, erms, lzcnt, tsc, tscinvbit, bmi1, bmi2

Memory: 4k page, physical 8319156k(1268452k free), swap 16636456k(7085348k free)

vm_info: Java HotSpot(TM) 64-Bit Server VM (25.31-b07) for windows-amd64 JRE (1.8.0_31-b13), built on Dec 17 2014 21:00:28 by "java_re" with MS VC++ 10.0 (VS2010)

time: Mon Oct 16 10:33:36 2017
elapsed time: 5141 seconds (0d 1h 25m 41s)

